Traceback (most recent call last):
  File "/data/spark/python/lib/pyspark.zip/pyspark/sql/utils.py", line 63, in deco
  File "/data/spark/python/lib/py4j-0.10.7-src.zip/py4j/protocol.py", line 328, in get_return_value
py4j.protocol.Py4JJavaError: An error occurred while calling o34.load.
: java.lang.IllegalArgumentException: Option 'kafka.bootstrap.servers' must be specified for configuring Kafka consumer
	at org.apache.spark.sql.kafka010.KafkaSourceProvider.validateGeneralOptions(KafkaSourceProvider.scala:406)
	at org.apache.spark.sql.kafka010.KafkaSourceProvider.validateStreamOptions(KafkaSourceProvider.scala:416)
	at org.apache.spark.sql.kafka010.KafkaSourceProvider.sourceSchema(KafkaSourceProvider.scala:66)
	at org.apache.spark.sql.execution.datasources.DataSource.sourceSchema(DataSource.scala:209)
	at org.apache.spark.sql.execution.datasources.DataSource.sourceInfo$lzycompute(DataSource.scala:95)
	at org.apache.spark.sql.execution.datasources.DataSource.sourceInfo(DataSource.scala:95)
	at org.apache.spark.sql.execution.streaming.StreamingRelation$.apply(StreamingRelation.scala:33)
	at org.apache.spark.sql.streaming.DataStreamReader.load(DataStreamReader.scala:171)
	at sun.reflect.NativeMethodAccessorImpl.invoke0(Native Method)
	at sun.reflect.NativeMethodAccessorImpl.invoke(NativeMethodAccessorImpl.java:62)
	at sun.reflect.DelegatingMethodAccessorImpl.invoke(DelegatingMethodAccessorImpl.java:43)
	at java.lang.reflect.Method.invoke(Method.java:498)
	at py4j.reflection.MethodInvoker.invoke(MethodInvoker.java:244)
	at py4j.reflection.ReflectionEngine.invoke(ReflectionEngine.java:357)
	at py4j.Gateway.invoke(Gateway.java:282)
	at py4j.commands.AbstractCommand.invokeMethod(AbstractCommand.java:132)
	at py4j.commands.CallCommand.execute(CallCommand.java:79)
	at py4j.GatewayConnection.run(GatewayConnection.java:238)
	at java.lang.Thread.run(Thread.java:748)


During handling of the above exception, another exception occurred:

Traceback (most recent call last):
  File "/home/workspace/sparkpyrediskafkastreamtoconsole.py", line 44, in <module>
    .option("startingOffsets","earliest") \
  File "/data/spark/python/lib/pyspark.zip/pyspark/sql/streaming.py", line 400, in load
  File "/data/spark/python/lib/py4j-0.10.7-src.zip/py4j/java_gateway.py", line 1257, in __call__
  File "/data/spark/python/lib/pyspark.zip/pyspark/sql/utils.py", line 79, in deco
pyspark.sql.utils.IllegalArgumentException: "Option 'kafka.bootstrap.servers' must be specified for configuring Kafka consumer"
